
> neocore_2@0.0.0 dev
> vite --host 0.0.0.0 --port 8081


  VITE v8.0.2  ready in 167 ms

  ➜  Local:   http://localhost:8081/
  ➜  Network: http://10.0.18.210:8081/
  ➜  Network: http://10.0.249.212:8081/
  ➜  Network: http://172.17.0.1:8081/
9:32:08 AM [vite] (client) hmr update /src/features/prompt/AgentChatbox.tsx, /src/app/Workspace.tsx, /src/features/graph/GraphEditor.tsx, /src/features/inspector/InspectorPanel.tsx, /src/features/navigation/EditorSidebar.tsx, /src/features/utility/UtilityPanel.tsx
9:54:28 AM [vite] (client) hmr update /src/features/prompt/AgentChatbox.tsx, /src/app/Workspace.tsx, /src/features/graph/GraphEditor.tsx, /src/features/inspector/InspectorPanel.tsx, /src/features/navigation/EditorSidebar.tsx, /src/features/utility/UtilityPanel.tsx
9:54:28 AM [vite] (client) Pre-transform error: Failed to load url /src/lib/api.ts (resolved id: /root/proj/ts/skill_workshop/src/lib/api.ts) in /root/proj/ts/skill_workshop/src/features/prompt/AgentChatbox.tsx. Does the file exist?
9:54:28 AM [vite] (client) Pre-transform error: Failed to load url /src/lib/api.ts (resolved id: /root/proj/ts/skill_workshop/src/lib/api.ts) in /root/proj/ts/skill_workshop/src/features/prompt/AgentChatbox.tsx. Does the file exist?
9:54:49 AM [vite] (client) hmr update /src/features/prompt/AgentChatbox.tsx, /src/app/Workspace.tsx, /src/features/graph/GraphEditor.tsx, /src/features/inspector/InspectorPanel.tsx, /src/features/navigation/EditorSidebar.tsx, /src/features/utility/UtilityPanel.tsx
9:55:32 AM [vite] (client) hmr update /src/app/Workspace.tsx, /src/features/graph/GraphEditor.tsx, /src/features/inspector/InspectorPanel.tsx, /src/features/navigation/EditorSidebar.tsx, /src/features/prompt/AgentChatbox.tsx, /src/features/utility/UtilityPanel.tsx
9:55:38 AM [vite] (client) hmr update /src/app/Workspace.tsx, /src/features/graph/GraphEditor.tsx, /src/features/inspector/InspectorPanel.tsx, /src/features/navigation/EditorSidebar.tsx, /src/features/prompt/AgentChatbox.tsx, /src/features/utility/UtilityPanel.tsx
9:56:00 AM [vite] (client) hmr update /src/features/prompt/AgentChatbox.tsx
9:59:12 AM [vite] (client) hmr update /src/features/prompt/AgentChatbox.tsx
10:26:54 AM [vite] (client) hmr update /src/app/Workspace.tsx
10:27:15 AM [vite] (client) hmr update /src/app/Workspace.css
10:27:29 AM [vite] (client) hmr update /src/features/prompt/AgentChatbox.tsx
10:27:29 AM [vite] (client) ✨ new dependencies optimized: react-markdown
10:28:15 AM [vite] (client) hmr update /src/features/prompt/AgentChatbox.css
10:28:40 AM [vite] (client) hmr update /src/app/Workspace.tsx
10:30:44 AM [vite] (client) hmr update /src/app/Workspace.tsx, /src/features/graph/GraphEditor.tsx, /src/features/inspector/InspectorPanel.tsx, /src/features/navigation/EditorSidebar.tsx, /src/features/prompt/AgentChatbox.tsx, /src/features/utility/UtilityPanel.tsx
10:31:27 AM [vite] (client) hmr update /src/features/prompt/AgentChatbox.tsx
10:31:42 AM [vite] (client) hmr update /src/features/prompt/AgentChatbox.css
10:32:23 AM [vite] (client) hmr update /src/features/prompt/AgentChatbox.tsx
10:34:56 AM [vite] (client) hmr update /src/features/prompt/AgentChatbox.tsx
10:36:02 AM [vite] (client) hmr update /src/features/prompt/AgentChatbox.css
10:39:02 AM [vite] (client) hmr update /src/features/prompt/AgentChatbox.tsx
10:39:20 AM [vite] (client) hmr update /src/features/prompt/AgentChatbox.tsx
10:47:33 AM [vite] (client) hmr update /src/app/Workspace.tsx
10:48:04 AM [vite] (client) hmr update /src/app/Workspace.css
10:48:19 AM [vite] (client) hmr update /src/app/Workspace.tsx, /src/features/graph/GraphEditor.tsx, /src/features/inspector/InspectorPanel.tsx, /src/features/navigation/EditorSidebar.tsx, /src/features/prompt/AgentChatbox.tsx, /src/features/utility/UtilityPanel.tsx
10:48:28 AM [vite] (client) hmr update /src/app/Workspace.tsx, /src/features/graph/GraphEditor.tsx, /src/features/inspector/InspectorPanel.tsx, /src/features/navigation/EditorSidebar.tsx, /src/features/prompt/AgentChatbox.tsx, /src/features/utility/UtilityPanel.tsx
10:48:33 AM [vite] (client) hmr update /src/features/prompt/AgentChatbox.tsx, /src/app/Workspace.tsx, /src/features/graph/GraphEditor.tsx, /src/features/inspector/InspectorPanel.tsx, /src/features/navigation/EditorSidebar.tsx, /src/features/utility/UtilityPanel.tsx
10:50:24 AM [vite] (client) hmr update /src/app/Workspace.css
10:58:46 AM [vite] (client) hmr update /src/app/Workspace.tsx
10:59:14 AM [vite] (client) hmr update /src/app/Workspace.css
11:07:34 AM [vite] (client) hmr update /src/app/Workspace.tsx
11:08:04 AM [vite] (client) hmr update /src/app/Workspace.css
11:08:23 AM [vite] (client) hmr update /src/features/prompt/AgentChatbox.tsx
11:08:34 AM [vite] (client) hmr update /src/features/prompt/AgentChatbox.css
11:08:44 AM [vite] (client) hmr update /src/app/Workspace.css
11:13:28 AM [vite] (client) hmr update /src/app/Workspace.tsx
11:13:39 AM [vite] (client) hmr update /src/app/Workspace.css
11:14:05 AM [vite] (client) hmr update /src/app/Workspace.tsx
